Using pre-set license
Built from '2022.2/staging' branch; Version is '2022.2.4f1 (8216e0211249) revision 8525536'; Using compiler version '192829333'; Build Type 'Release'
OS: 'Windows 10  (10.0.19044) 64bit Professional' Language: 'en' Physical Memory: 32574 MB
BatchMode: 1, IsHumanControllingUs: 0, StartBugReporterOnCrash: 0, Is64bit: 1, IsPro: 1

COMMAND LINE ARGUMENTS:
C:\Program Files\Unity\Hub\Editor\2022.2.4f1\Editor\Unity.exe
-adb2
-batchMode
-noUpm
-name
AssetImportWorker2
-projectPath
C:/Users/brand/Desktop/Unity/LSPARTest/AR_Test
-logFile
Logs/AssetImportWorker2.log
-srvPort
61141
Successfully changed project path to: C:/Users/brand/Desktop/Unity/LSPARTest/AR_Test
C:/Users/brand/Desktop/Unity/LSPARTest/AR_Test
[UnityMemory] Configuration Parameters - Can be set up in boot.config
    "memorysetup-bucket-allocator-granularity=16"
    "memorysetup-bucket-allocator-bucket-count=8"
    "memorysetup-bucket-allocator-block-size=33554432"
    "memorysetup-bucket-allocator-block-count=8"
    "memorysetup-main-allocator-block-size=16777216"
    "memorysetup-thread-allocator-block-size=16777216"
    "memorysetup-gfx-main-allocator-block-size=16777216"
    "memorysetup-gfx-thread-allocator-block-size=16777216"
    "memorysetup-cache-allocator-block-size=4194304"
    "memorysetup-typetree-allocator-block-size=2097152"
    "memorysetup-profiler-bucket-allocator-granularity=16"
    "memorysetup-profiler-bucket-allocator-bucket-count=8"
    "memorysetup-profiler-bucket-allocator-block-size=33554432"
    "memorysetup-profiler-bucket-allocator-block-count=8"
    "memorysetup-profiler-allocator-block-size=16777216"
    "memorysetup-profiler-editor-allocator-block-size=1048576"
    "memorysetup-temp-allocator-size-main=16777216"
    "memorysetup-job-temp-allocator-block-size=2097152"
    "memorysetup-job-temp-allocator-block-size-background=1048576"
    "memorysetup-job-temp-allocator-reduction-small-platforms=262144"
    "memorysetup-temp-allocator-size-background-worker=32768"
    "memorysetup-temp-allocator-size-job-worker=262144"
    "memorysetup-temp-allocator-size-preload-manager=33554432"
    "memorysetup-temp-allocator-size-nav-mesh-worker=65536"
    "memorysetup-temp-allocator-size-audio-worker=65536"
    "memorysetup-temp-allocator-size-cloud-worker=32768"
    "memorysetup-temp-allocator-size-gi-baking-worker=262144"
    "memorysetup-temp-allocator-size-gfx=262144"
Player connection [16724] Host "[IP] 172.30.32.1 [Port] 0 [Flags] 2 [Guid] 2021832692 [EditorId] 2021832692 [Version] 1048832 [Id] WindowsEditor(7,LAPTOP-REPNFPCQ) [Debug] 1 [PackageName] WindowsEditor [ProjectName] Editor" joined multi-casting on [225.0.0.222:54997]...

Player connection [16724] Host "[IP] 172.30.32.1 [Port] 0 [Flags] 2 [Guid] 2021832692 [EditorId] 2021832692 [Version] 1048832 [Id] WindowsEditor(7,LAPTOP-REPNFPCQ) [Debug] 1 [PackageName] WindowsEditor [ProjectName] Editor" joined alternative multi-casting on [225.0.0.222:34997]...

Refreshing native plugins compatible for Editor in 9.33 ms, found 4 plugins.
Preloading 0 native plugins for Editor in 0.00 ms.
Initialize engine version: 2022.2.4f1 (8216e0211249)
[Subsystems] Discovering subsystems at path C:/Program Files/Unity/Hub/Editor/2022.2.4f1/Editor/Data/Resources/UnitySubsystems
[Subsystems] Discovering subsystems at path C:/Users/brand/Desktop/Unity/LSPARTest/AR_Test/Assets
GfxDevice: creating device client; threaded=0; jobified=0
Direct3D:
    Version:  Direct3D 11.0 [level 11.1]
    Renderer: NVIDIA GeForce RTX 2060 (ID=0x1f11)
    Vendor:   NVIDIA
    VRAM:     5980 MB
    Driver:   31.0.15.1694
Initialize mono
Mono path[0] = 'C:/Program Files/Unity/Hub/Editor/2022.2.4f1/Editor/Data/Managed'
Mono path[1] = 'C:/Program Files/Unity/Hub/Editor/2022.2.4f1/Editor/Data/MonoBleedingEdge/lib/mono/unityjit-win32'
Mono config path = 'C:/Program Files/Unity/Hub/Editor/2022.2.4f1/Editor/Data/MonoBleedingEdge/etc'
Using monoOptions --debugger-agent=transport=dt_socket,embedding=1,server=y,suspend=n,address=127.0.0.1:56616
Begin MonoManager ReloadAssembly
Registering precompiled unity dll's ...
Register platform support module: C:/Program Files/Unity/Hub/Editor/2022.2.4f1/Editor/Data/PlaybackEngines/AndroidPlayer/UnityEditor.Android.Extensions.dll
Register platform support module: C:/Program Files/Unity/Hub/Editor/2022.2.4f1/Editor/Data/PlaybackEngines/iOSSupport/UnityEditor.iOS.Extensions.dll
Register platform support module: C:/Program Files/Unity/Hub/Editor/2022.2.4f1/Editor/Data/PlaybackEngines/WindowsStandaloneSupport/UnityEditor.WindowsStandalone.Extensions.dll
Registered in 0.018604 seconds.
- Loaded All Assemblies, in  0.601 seconds
Native extension for WindowsStandalone target not found
Native extension for iOS target not found
Native extension for Android target not found
Android Extension - Scanning For ADB Devices 471 ms
Mono: successfully reloaded assembly
- Finished resetting the current domain, in  0.942 seconds
Domain Reload Profiling:
	ReloadAssembly (345ms)
		BeginReloadAssembly (127ms)
			ExecutionOrderSort (0ms)
			DisableScriptedObjects (0ms)
			BackupInstance (0ms)
			ReleaseScriptingObjects (0ms)
			CreateAndSetChildDomain (1ms)
		LoadAllAssembliesAndSetupDomain (0ms)
			LoadAssemblies (126ms)
			RebuildTransferFunctionScriptingTraits (0ms)
			SetupTypeCache (240ms)
				TypeCache.Initialize (239ms)
					TypeCache.ScanAssembly (237ms)
				ResolveRequiredComponents (1ms)
		FinalizeReload (0ms)
			ReleaseScriptCaches (0ms)
			RebuildScriptCaches (0ms)
			SetupLoadedEditorAssemblies (851ms)
				LogAssemblyErrors (0ms)
				InitializePlatformSupportModulesInManaged (612ms)
				SetLoadedEditorAssemblies (12ms)
				RefreshPlugins (0ms)
				BeforeProcessingInitializeOnLoad (1ms)
				ProcessInitializeOnLoadAttributes (161ms)
				ProcessInitializeOnLoadMethodAttributes (65ms)
				AfterProcessingInitializeOnLoad (0ms)
				EditorAssembliesLoaded (0ms)
			ExecutionOrderSort2 (0ms)
			AwakeInstancesAfterBackupRestoration (0ms)
========================================================================
Worker process is ready to serve import requests
Begin MonoManager ReloadAssembly
- Loaded All Assemblies, in  2.403 seconds
Refreshing native plugins compatible for Editor in 7.51 ms, found 4 plugins.
Native extension for WindowsStandalone target not found
Native extension for iOS target not found
Native extension for Android target not found
Package Manager log level set to [2]
[Package Manager] Server::EnsureServerProcessIsRunning -- launch failed, reason: Unity was launched with the -noUpm command-line argument
[Package Manager] UpmClient::Send -- Unable to send message (not connected to UPM process).
[Package Manager] Cannot connect to Unity Package Manager local server
Mono: successfully reloaded assembly
[Package Manager] Server::EnsureServerProcessIsRunning -- launch failed, reason: Unity was launched with the -noUpm command-line argument
[Package Manager] UpmClient::Send -- Unable to send message (not connected to UPM process).
[Package Manager] Cannot connect to Unity Package Manager local server
[Package Manager] Server::EnsureServerProcessIsRunning -- launch failed, reason: Unity was launched with the -noUpm command-line argument
[Package Manager] UpmClient::Send -- Unable to send message (not connected to UPM process).
[Package Manager] Cannot connect to Unity Package Manager local server
- Finished resetting the current domain, in  1.173 seconds
Domain Reload Profiling:
	ReloadAssembly (410ms)
		BeginReloadAssembly (235ms)
			ExecutionOrderSort (0ms)
			DisableScriptedObjects (7ms)
			BackupInstance (0ms)
			ReleaseScriptingObjects (0ms)
			CreateAndSetChildDomain (45ms)
		LoadAllAssembliesAndSetupDomain (1986ms)
			LoadAssemblies (617ms)
			RebuildTransferFunctionScriptingTraits (0ms)
			SetupTypeCache (1477ms)
				TypeCache.Initialize (560ms)
					TypeCache.ScanAssembly (552ms)
				ResolveRequiredComponents (12ms)
		FinalizeReload (0ms)
			ReleaseScriptCaches (0ms)
			RebuildScriptCaches (0ms)
			SetupLoadedEditorAssemblies (811ms)
				LogAssemblyErrors (0ms)
				InitializePlatformSupportModulesInManaged (64ms)
				SetLoadedEditorAssemblies (12ms)
				RefreshPlugins (0ms)
				BeforeProcessingInitializeOnLoad (149ms)
				ProcessInitializeOnLoadAttributes (510ms)
				ProcessInitializeOnLoadMethodAttributes (60ms)
				AfterProcessingInitializeOnLoad (16ms)
				EditorAssembliesLoaded (0ms)
			ExecutionOrderSort2 (0ms)
			AwakeInstancesAfterBackupRestoration (10ms)
Launched and connected shader compiler UnityShaderCompiler.exe after 0.07 seconds
Refreshing native plugins compatible for Editor in 12.48 ms, found 4 plugins.
Preloading 0 native plugins for Editor in 0.00 ms.
Unloading 4169 Unused Serialized files (Serialized files now loaded: 0)
Unloading 36 unused Assets / (1.2 MB). Loaded Objects now: 4634.
Memory consumption went from 0.63 GB to 0.63 GB.
Total: 8.943400 ms (FindLiveObjects: 1.060300 ms CreateObjectMapping: 1.268300 ms MarkObjects: 5.695500 ms  DeleteObjects: 0.917400 ms)

AssetImportParameters requested are different than current active one (requested -> active):
  custom:container-demuxer-ogg: 62fdf1f143b41e24485cea50d1cbac27 -> 
  custom:video-decoder-ogg-theora: a1e56fd34408186e4bbccfd4996cb3dc -> 
  custom:framework-win-MediaFoundation: 216162199b28c13a410421893ffa2e32 -> 
  custom:container-demuxer-webm: 4f35f7cbe854078d1ac9338744f61a02 -> 
  custom:container-muxer-webm: aa71ff27fc2769a1b78a27578f13a17b -> 
  custom:video-decoder-webm-vp8: 9c59270c3fd7afecdb556c50c9e8de78 -> 
  custom:SearchIndexIgnoredProperties: e643bd26f0fe6173181afceb89e7c659 -> 
  custom:AudioImporter_EditorPlatform: d09bf68614088b80899f8185d706f6e7 -> 
  custom:video-encoder-webm-vp8: eb34c28f22e8b96e1ab97ce403110664 -> 
  custom:audio-decoder-ogg-vorbis: bf7c407c2cedff20999df2af8eb42d56 -> 
  custom:audio-encoder-webm-vorbis: bf7c407c2cedff20999df2af8eb42d56 -> 
========================================================================
Received Import Request.
  Time since last request: 627873.027384 seconds.
  path: Assets/Scenes/SampleScene.unity
  artifactKey: Guid(9fc0d4010bbf28b4594072e72b8655ab) Importer(2089858483,0ecaa5967403d082aa24f35e1b516d23)
Number of updated assets reloaded before import = 1
Start importing Assets/Scenes/SampleScene.unity using Guid(9fc0d4010bbf28b4594072e72b8655ab) Importer(2089858483,0ecaa5967403d082aa24f35e1b516d23)  -> (artifact id: '7ab3f8b834789d4f6375df9547ca500e') in 0.110064 seconds 
Number of asset objects unloaded after import = 1
========================================================================
Received Import Request.
  Time since last request: 0.000044 seconds.
  path: Assets/EasyAR/Shaders/AR_DepthShader.mat
  artifactKey: Guid(eb20160a3d1944a03bdda03b0ffb9961) Importer(2089858483,0ecaa5967403d082aa24f35e1b516d23)
Number of updated assets reloaded before import = 0
Start importing Assets/EasyAR/Shaders/AR_DepthShader.mat using Guid(eb20160a3d1944a03bdda03b0ffb9961) Importer(2089858483,0ecaa5967403d082aa24f35e1b516d23)  -> (artifact id: '55deb9e803ef5dced3d21397b60f419e') in 0.120471 seconds 
Number of asset objects unloaded after import = 1
========================================================================
Received Import Request.
  Time since last request: 0.000050 seconds.
  path: Assets/EasyAR/Animations/Pizza/Pizza_PizzaMtl_BaseColor_00036-min.png
  artifactKey: Guid(684547453664f9249a8c8baaf4adc6f1) Importer(2089858483,0ecaa5967403d082aa24f35e1b516d23)
Number of updated assets reloaded before import = 0
Start importing Assets/EasyAR/Animations/Pizza/Pizza_PizzaMtl_BaseColor_00036-min.png using Guid(684547453664f9249a8c8baaf4adc6f1) Importer(2089858483,0ecaa5967403d082aa24f35e1b516d23)  -> (artifact id: '7ca28733af764012de79a7ccae6f6a0c') in 0.193863 seconds 
Number of asset objects unloaded after import = 1
========================================================================
Received Import Request.
  Time since last request: 0.000037 seconds.
  path: Assets/XR/Settings/XR Simulation Settings.asset
  artifactKey: Guid(ba98af46140b1154ca9d1dcf6442c5d8) Importer(2089858483,0ecaa5967403d082aa24f35e1b516d23)
Number of updated assets reloaded before import = 0
Start importing Assets/XR/Settings/XR Simulation Settings.asset using Guid(ba98af46140b1154ca9d1dcf6442c5d8) Importer(2089858483,0ecaa5967403d082aa24f35e1b516d23)  -> (artifact id: '734d2ebae9e4b620442e39b8ebba7c1d') in 0.029904 seconds 
Number of asset objects unloaded after import = 1
========================================================================
Received Import Request.
  Time since last request: 0.000023 seconds.
  path: Assets/EasyAR/Materials/ChairBaseMtl.mat
  artifactKey: Guid(5c2b6c6c69b78f9478b269a2eacc1a89) Importer(2089858483,0ecaa5967403d082aa24f35e1b516d23)
Number of updated assets reloaded before import = 0
Start importing Assets/EasyAR/Materials/ChairBaseMtl.mat using Guid(5c2b6c6c69b78f9478b269a2eacc1a89) Importer(2089858483,0ecaa5967403d082aa24f35e1b516d23)  -> (artifact id: '467940eccea919ade0a9d368c076cf4e') in 0.051130 seconds 
Number of asset objects unloaded after import = 1
========================================================================
Received Import Request.
  Time since last request: 0.000052 seconds.
  path: Assets/EasyAR/Meshes/Basin.fbx
  artifactKey: Guid(3c3fbdaee2b456d498358c55d116152f) Importer(2089858483,0ecaa5967403d082aa24f35e1b516d23)
Number of updated assets reloaded before import = 0
Start importing Assets/EasyAR/Meshes/Basin.fbx using Guid(3c3fbdaee2b456d498358c55d116152f) Importer(2089858483,0ecaa5967403d082aa24f35e1b516d23)  -> (artifact id: '69f2411222c699ee6e1176f604f47bd9') in 0.100359 seconds 
Number of asset objects unloaded after import = 8
========================================================================
Received Import Request.
  Time since last request: 0.000036 seconds.
  path: Assets/EasyAR/Prefabs/WorldSpaceCanvas.prefab
  artifactKey: Guid(1e3e7c5fd35bf4f4b8a4fe246d38241c) Importer(2089858483,0ecaa5967403d082aa24f35e1b516d23)
Number of updated assets reloaded before import = 0
Start importing Assets/EasyAR/Prefabs/WorldSpaceCanvas.prefab using Guid(1e3e7c5fd35bf4f4b8a4fe246d38241c) Importer(2089858483,0ecaa5967403d082aa24f35e1b516d23)  -> (artifact id: 'a2d17dab3ffa82fa3129a65f50ae94e7') in 0.075520 seconds 
Number of asset objects unloaded after import = 16
========================================================================
Received Import Request.
  Time since last request: 0.000032 seconds.
  path: Assets/EasyAR/Animations/Pizza/Pizza_PizzaMtl_BaseColor_00045-min.png
  artifactKey: Guid(295521d8b28a8934fb8a95265d0b2ed5) Importer(2089858483,0ecaa5967403d082aa24f35e1b516d23)
Number of updated assets reloaded before import = 0
Start importing Assets/EasyAR/Animations/Pizza/Pizza_PizzaMtl_BaseColor_00045-min.png using Guid(295521d8b28a8934fb8a95265d0b2ed5) Importer(2089858483,0ecaa5967403d082aa24f35e1b516d23)  -> (artifact id: '37aacdc5b1c576c9c6c036a0543afa59') in 0.044075 seconds 
Number of asset objects unloaded after import = 1
========================================================================
Received Import Request.
  Time since last request: 0.000031 seconds.
  path: Assets/EasyAR/Materials/RoundIndicator.mat
  artifactKey: Guid(aba151633e15c1245befc340c87c2c33) Importer(2089858483,0ecaa5967403d082aa24f35e1b516d23)
Number of updated assets reloaded before import = 0
Start importing Assets/EasyAR/Materials/RoundIndicator.mat using Guid(aba151633e15c1245befc340c87c2c33) Importer(2089858483,0ecaa5967403d082aa24f35e1b516d23)  -> (artifact id: '76251fbbb33efc3a724bb1684483d109') in 0.031864 seconds 
Number of asset objects unloaded after import = 1
========================================================================
Received Import Request.
  Time since last request: 0.000037 seconds.
  path: Assets/EasyAR/Animations/Notification/notificationPanel.controller
  artifactKey: Guid(989da92138a87634382e9fd7f300d1e0) Importer(2089858483,0ecaa5967403d082aa24f35e1b516d23)
Number of updated assets reloaded before import = 0
Start importing Assets/EasyAR/Animations/Notification/notificationPanel.controller using Guid(989da92138a87634382e9fd7f300d1e0) Importer(2089858483,0ecaa5967403d082aa24f35e1b516d23)  -> (artifact id: 'cea5b9e8f222984d2e9f1a81a7215d99') in 0.030100 seconds 
Number of asset objects unloaded after import = 6
========================================================================
Received Import Request.
  Time since last request: 0.000025 seconds.
  path: Assets/EasyAR/Scenes/ARSingleObject.unity
  artifactKey: Guid(a474d5dd175cd2d47a1d16d09bf17a56) Importer(2089858483,0ecaa5967403d082aa24f35e1b516d23)
Number of updated assets reloaded before import = 0
Start importing Assets/EasyAR/Scenes/ARSingleObject.unity using Guid(a474d5dd175cd2d47a1d16d09bf17a56) Importer(2089858483,0ecaa5967403d082aa24f35e1b516d23)  -> (artifact id: 'aaeec585bf1095fa3a80996bdddf21f5') in 0.026433 seconds 
Number of asset objects unloaded after import = 1
========================================================================
Received Import Request.
  Time since last request: 0.000042 seconds.
  path: Assets/EasyAR/Shaders/PlaneOcclusionShader.shader
  artifactKey: Guid(109c80e51e1102f46a6e9ded3bda2aab) Importer(2089858483,0ecaa5967403d082aa24f35e1b516d23)
Number of updated assets reloaded before import = 0
Start importing Assets/EasyAR/Shaders/PlaneOcclusionShader.shader using Guid(109c80e51e1102f46a6e9ded3bda2aab) Importer(2089858483,0ecaa5967403d082aa24f35e1b516d23)  -> (artifact id: '1627019f81bca27d4cf9c028d503dbaf') in 0.039208 seconds 
Number of asset objects unloaded after import = 1
========================================================================
Received Import Request.
  Time since last request: 0.000025 seconds.
  path: Assets/EasyAR/Animations/Pizza/Pizza_PizzaMtl_BaseColor_00042-min.png
  artifactKey: Guid(267a97b012e5618429d799f409ccdb9f) Importer(2089858483,0ecaa5967403d082aa24f35e1b516d23)
Number of updated assets reloaded before import = 0
Start importing Assets/EasyAR/Animations/Pizza/Pizza_PizzaMtl_BaseColor_00042-min.png using Guid(267a97b012e5618429d799f409ccdb9f) Importer(2089858483,0ecaa5967403d082aa24f35e1b516d23)  -> (artifact id: '868a17af77c17e367c69934af71cf71d') in 0.072035 seconds 
Number of asset objects unloaded after import = 1
========================================================================
Received Import Request.
  Time since last request: 0.000029 seconds.
  path: Assets/EasyAR/Animations/Notification/WarningPanel.controller
  artifactKey: Guid(2d446bb0dd5f74dfc8352ea4ec8702de) Importer(2089858483,0ecaa5967403d082aa24f35e1b516d23)
Number of updated assets reloaded before import = 0
Start importing Assets/EasyAR/Animations/Notification/WarningPanel.controller using Guid(2d446bb0dd5f74dfc8352ea4ec8702de) Importer(2089858483,0ecaa5967403d082aa24f35e1b516d23)  -> (artifact id: '3882f156f5abfa120c6950e556694c46') in 0.023289 seconds 
Number of asset objects unloaded after import = 4
========================================================================
Received Import Request.
  Time since last request: 0.000045 seconds.
  path: Assets/EasyAR/Scenes/SingleObjectSelection.unity
  artifactKey: Guid(d030633f12d118b4ba16dc12520ffdc4) Importer(2089858483,0ecaa5967403d082aa24f35e1b516d23)
Number of updated assets reloaded before import = 0
Start importing Assets/EasyAR/Scenes/SingleObjectSelection.unity using Guid(d030633f12d118b4ba16dc12520ffdc4) Importer(2089858483,0ecaa5967403d082aa24f35e1b516d23)  -> (artifact id: '68909cfd87abba73f4de559412b49091') in 0.020240 seconds 
Number of asset objects unloaded after import = 1
========================================================================
Received Import Request.
  Time since last request: 0.000036 seconds.
  path: Assets/EasyAR/Animations/Pizza/Pizza_PizzaMtl_BaseColor_00018-min.png
  artifactKey: Guid(6044ad082bf111840bea422a65e84fb3) Importer(2089858483,0ecaa5967403d082aa24f35e1b516d23)
Number of updated assets reloaded before import = 0
Start importing Assets/EasyAR/Animations/Pizza/Pizza_PizzaMtl_BaseColor_00018-min.png using Guid(6044ad082bf111840bea422a65e84fb3) Importer(2089858483,0ecaa5967403d082aa24f35e1b516d23)  -> (artifact id: '02025ff58a817b4880a1230589703872') in 0.062695 seconds 
Number of asset objects unloaded after import = 1
========================================================================
Received Import Request.
  Time since last request: 0.000085 seconds.
  path: Assets/EasyAR/Animations/Pizza/Pizza_PizzaMtl_BaseColor_00003-min.png
  artifactKey: Guid(9643e491bb998b74f876beee0e33db44) Importer(2089858483,0ecaa5967403d082aa24f35e1b516d23)
Number of updated assets reloaded before import = 0
Start importing Assets/EasyAR/Animations/Pizza/Pizza_PizzaMtl_BaseColor_00003-min.png using Guid(9643e491bb998b74f876beee0e33db44) Importer(2089858483,0ecaa5967403d082aa24f35e1b516d23)  -> (artifact id: 'f47feae9a11a076387cea94c14a030b9') in 0.051457 seconds 
Number of asset objects unloaded after import = 1
========================================================================
Received Import Request.
  Time since last request: 0.000038 seconds.
  path: Assets/EasyAR/Settings/ARSceneLighting.lighting
  artifactKey: Guid(390762846b3d9394ab688ac5776424cb) Importer(2089858483,0ecaa5967403d082aa24f35e1b516d23)
Number of updated assets reloaded before import = 0
Start importing Assets/EasyAR/Settings/ARSceneLighting.lighting using Guid(390762846b3d9394ab688ac5776424cb) Importer(2089858483,0ecaa5967403d082aa24f35e1b516d23) LightingSettings: switching bake backend from 1 to 2.
 -> (artifact id: '45313f354900908806ae1aae30bd28f3') in 0.053032 seconds 
Number of asset objects unloaded after import = 1
========================================================================
Received Import Request.
  Time since last request: 0.000030 seconds.
  path: Assets/EasyAR/Materials/FireHyadrantMtl.mat
  artifactKey: Guid(c065e70e14da4ff47b16d5628089d819) Importer(2089858483,0ecaa5967403d082aa24f35e1b516d23)
Number of updated assets reloaded before import = 0
Start importing Assets/EasyAR/Materials/FireHyadrantMtl.mat using Guid(c065e70e14da4ff47b16d5628089d819) Importer(2089858483,0ecaa5967403d082aa24f35e1b516d23)  -> (artifact id: '50d059fd61669e0c0c941057cfff5239') in 0.113369 seconds 
Number of asset objects unloaded after import = 5
========================================================================
Received Import Request.
  Time since last request: 0.000057 seconds.
  path: Assets/EasyAR/Shaders/StandradShadowShader.shader
  artifactKey: Guid(588abeab305dd234fae12af9fd4c279b) Importer(2089858483,0ecaa5967403d082aa24f35e1b516d23)
Number of updated assets reloaded before import = 0
Start importing Assets/EasyAR/Shaders/StandradShadowShader.shader using Guid(588abeab305dd234fae12af9fd4c279b) Importer(2089858483,0ecaa5967403d082aa24f35e1b516d23)  -> (artifact id: 'a49c1e8cf69f7636f13739c81f4e1b23') in 0.034275 seconds 
Number of asset objects unloaded after import = 1
========================================================================
Received Import Request.
  Time since last request: 0.000047 seconds.
  path: Assets/EasyAR/Meshes/Snake Plant.fbx
  artifactKey: Guid(94f5e2c7493fd4859abebd20c7a5dac3) Importer(2089858483,0ecaa5967403d082aa24f35e1b516d23)
Number of updated assets reloaded before import = 0
Start importing Assets/EasyAR/Meshes/Snake Plant.fbx using Guid(94f5e2c7493fd4859abebd20c7a5dac3) Importer(2089858483,0ecaa5967403d082aa24f35e1b516d23)  -> (artifact id: '9871c937471de85ead4c1545f9174d2e') in 0.061179 seconds 
Number of asset objects unloaded after import = 7
========================================================================
Received Import Request.
  Time since last request: 0.000040 seconds.
  path: Assets/EasyAR/Materials/Elephant.mat
  artifactKey: Guid(f76040a4f85626e44adf27c992429ce5) Importer(2089858483,0ecaa5967403d082aa24f35e1b516d23)
Number of updated assets reloaded before import = 0
Start importing Assets/EasyAR/Materials/Elephant.mat using Guid(f76040a4f85626e44adf27c992429ce5) Importer(2089858483,0ecaa5967403d082aa24f35e1b516d23)  -> (artifact id: '201ef16ba020db468beed71351f049cb') in 0.054876 seconds 
Number of asset objects unloaded after import = 5
========================================================================
Received Import Request.
  Time since last request: 0.000058 seconds.
  path: Assets/EasyAR/Meshes/Gaming Chair.fbx
  artifactKey: Guid(042ec5f7dd10e412c970ca789e742d34) Importer(2089858483,0ecaa5967403d082aa24f35e1b516d23)
Number of updated assets reloaded before import = 0
Start importing Assets/EasyAR/Meshes/Gaming Chair.fbx using Guid(042ec5f7dd10e412c970ca789e742d34) Importer(2089858483,0ecaa5967403d082aa24f35e1b516d23)  -> (artifact id: '3faedbf62bd5dd26874fd7c720ae0a15') in 0.061363 seconds 
Number of asset objects unloaded after import = 39
========================================================================
Received Import Request.
  Time since last request: 0.000050 seconds.
  path: Assets/EasyAR/Animations/Pizza/Pizza_PizzaMtl_BaseColor_00006-min.png
  artifactKey: Guid(48406f3dd7b3e8b4c986ea1712d0bc66) Importer(2089858483,0ecaa5967403d082aa24f35e1b516d23)
Number of updated assets reloaded before import = 0
Start importing Assets/EasyAR/Animations/Pizza/Pizza_PizzaMtl_BaseColor_00006-min.png using Guid(48406f3dd7b3e8b4c986ea1712d0bc66) Importer(2089858483,0ecaa5967403d082aa24f35e1b516d23)  -> (artifact id: '485913272eadd1c425c9b24b9a817d02') in 0.056009 seconds 
Number of asset objects unloaded after import = 1
========================================================================
Received Import Request.
  Time since last request: 0.000055 seconds.
  path: Assets/EasyAR/Shaders/DepthShader.shader
  artifactKey: Guid(403fb35ffc05640ba9fc5e966003ad31) Importer(2089858483,0ecaa5967403d082aa24f35e1b516d23)
Number of updated assets reloaded before import = 0
Start importing Assets/EasyAR/Shaders/DepthShader.shader using Guid(403fb35ffc05640ba9fc5e966003ad31) Importer(2089858483,0ecaa5967403d082aa24f35e1b516d23)  -> (artifact id: 'd6c6aa4fdd7c60cbdf831d2a999b78cf') in 0.037320 seconds 
Number of asset objects unloaded after import = 1
========================================================================
Received Import Request.
  Time since last request: 0.000073 seconds.
  path: Assets/EasyAR/Meshes/Painting.fbx
  artifactKey: Guid(b621cfd5b5a4a6143ae6a8594fe562cd) Importer(2089858483,0ecaa5967403d082aa24f35e1b516d23)
Number of updated assets reloaded before import = 0
Start importing Assets/EasyAR/Meshes/Painting.fbx using Guid(b621cfd5b5a4a6143ae6a8594fe562cd) Importer(2089858483,0ecaa5967403d082aa24f35e1b516d23)  -> (artifact id: '91c972cf7f142cbb099e86490f935100') in 0.118208 seconds 
Number of asset objects unloaded after import = 9
========================================================================
Received Import Request.
  Time since last request: 0.000025 seconds.
  path: Assets/EasyAR/Animations/Pizza/Pizza_PizzaMtl_BaseColor_00030-min.png
  artifactKey: Guid(51cc062d2d78f284da89959b9676a664) Importer(2089858483,0ecaa5967403d082aa24f35e1b516d23)
Number of updated assets reloaded before import = 0
Start importing Assets/EasyAR/Animations/Pizza/Pizza_PizzaMtl_BaseColor_00030-min.png using Guid(51cc062d2d78f284da89959b9676a664) Importer(2089858483,0ecaa5967403d082aa24f35e1b516d23)  -> (artifact id: '97a42fe86191c6f95469351e6789c3cb') in 0.050260 seconds 
Number of asset objects unloaded after import = 1
========================================================================
Received Prepare
Begin MonoManager ReloadAssembly
- Loaded All Assemblies, in  2.274 seconds
Refreshing native plugins compatible for Editor in 9.60 ms, found 4 plugins.
Native extension for WindowsStandalone target not found
Native extension for iOS target not found
Native extension for Android target not found
[Package Manager] Server::EnsureServerProcessIsRunning -- launch failed, reason: Unity was launched with the -noUpm command-line argument
[Package Manager] UpmClient::Send -- Unable to send message (not connected to UPM process).
[Package Manager] Cannot connect to Unity Package Manager local server
Mono: successfully reloaded assembly
[Package Manager] Server::EnsureServerProcessIsRunning -- launch failed, reason: Unity was launched with the -noUpm command-line argument
[Package Manager] UpmClient::Send -- Unable to send message (not connected to UPM process).
[Package Manager] Cannot connect to Unity Package Manager local server
- Finished resetting the current domain, in  1.841 seconds
Domain Reload Profiling:
	ReloadAssembly (358ms)
		BeginReloadAssembly (229ms)
			ExecutionOrderSort (0ms)
			DisableScriptedObjects (9ms)
			BackupInstance (0ms)
			ReleaseScriptingObjects (0ms)
			CreateAndSetChildDomain (65ms)
		LoadAllAssembliesAndSetupDomain (1908ms)
			LoadAssemblies (552ms)
			RebuildTransferFunctionScriptingTraits (0ms)
			SetupTypeCache (1451ms)
				TypeCache.Initialize (648ms)
					TypeCache.ScanAssembly (635ms)
				ResolveRequiredComponents (13ms)
		FinalizeReload (0ms)
			ReleaseScriptCaches (0ms)
			RebuildScriptCaches (0ms)
			SetupLoadedEditorAssemblies (885ms)
				LogAssemblyErrors (0ms)
				InitializePlatformSupportModulesInManaged (63ms)
				SetLoadedEditorAssemblies (12ms)
				RefreshPlugins (0ms)
				BeforeProcessingInitializeOnLoad (206ms)
				ProcessInitializeOnLoadAttributes (520ms)
				ProcessInitializeOnLoadMethodAttributes (67ms)
				AfterProcessingInitializeOnLoad (17ms)
				EditorAssembliesLoaded (1ms)
			ExecutionOrderSort2 (0ms)
			AwakeInstancesAfterBackupRestoration (12ms)
Refreshing native plugins compatible for Editor in 11.64 ms, found 4 plugins.
Preloading 0 native plugins for Editor in 0.00 ms.
Unloading 4215 Unused Serialized files (Serialized files now loaded: 0)
Unloading 32 unused Assets / (1.2 MB). Loaded Objects now: 4706.
Memory consumption went from 0.63 GB to 0.63 GB.
Total: 6.387000 ms (FindLiveObjects: 0.883200 ms CreateObjectMapping: 0.883100 ms MarkObjects: 3.549400 ms  DeleteObjects: 1.069300 ms)

AssetImportParameters requested are different than current active one (requested -> active):
  custom:container-demuxer-ogg: 62fdf1f143b41e24485cea50d1cbac27 -> 
  custom:video-decoder-ogg-theora: a1e56fd34408186e4bbccfd4996cb3dc -> 
  custom:framework-win-MediaFoundation: 216162199b28c13a410421893ffa2e32 -> 
  custom:container-demuxer-webm: 4f35f7cbe854078d1ac9338744f61a02 -> 
  custom:container-muxer-webm: aa71ff27fc2769a1b78a27578f13a17b -> 
  custom:video-decoder-webm-vp8: 9c59270c3fd7afecdb556c50c9e8de78 -> 
  custom:SearchIndexIgnoredProperties: e643bd26f0fe6173181afceb89e7c659 -> 
  custom:AudioImporter_EditorPlatform: d09bf68614088b80899f8185d706f6e7 -> 
  custom:video-encoder-webm-vp8: eb34c28f22e8b96e1ab97ce403110664 -> 
  custom:audio-decoder-ogg-vorbis: bf7c407c2cedff20999df2af8eb42d56 -> 
  custom:audio-encoder-webm-vorbis: bf7c407c2cedff20999df2af8eb42d56 -> 
========================================================================
Received Prepare
Begin MonoManager ReloadAssembly
- Loaded All Assemblies, in  2.021 seconds
Refreshing native plugins compatible for Editor in 10.18 ms, found 4 plugins.
Native extension for WindowsStandalone target not found
Native extension for iOS target not found
Native extension for Android target not found
[Package Manager] Server::EnsureServerProcessIsRunning -- launch failed, reason: Unity was launched with the -noUpm command-line argument
[Package Manager] UpmClient::Send -- Unable to send message (not connected to UPM process).
[Package Manager] Cannot connect to Unity Package Manager local server
Mono: successfully reloaded assembly
[Package Manager] Server::EnsureServerProcessIsRunning -- launch failed, reason: Unity was launched with the -noUpm command-line argument
[Package Manager] UpmClient::Send -- Unable to send message (not connected to UPM process).
[Package Manager] Cannot connect to Unity Package Manager local server
- Finished resetting the current domain, in  1.364 seconds
Domain Reload Profiling:
	ReloadAssembly (434ms)
		BeginReloadAssembly (285ms)
			ExecutionOrderSort (0ms)
			DisableScriptedObjects (8ms)
			BackupInstance (0ms)
			ReleaseScriptingObjects (0ms)
			CreateAndSetChildDomain (85ms)
		LoadAllAssembliesAndSetupDomain (1581ms)
			LoadAssemblies (578ms)
			RebuildTransferFunctionScriptingTraits (0ms)
			SetupTypeCache (1118ms)
				TypeCache.Initialize (614ms)
					TypeCache.ScanAssembly (602ms)
				ResolveRequiredComponents (16ms)
		FinalizeReload (0ms)
			ReleaseScriptCaches (0ms)
			RebuildScriptCaches (0ms)
			SetupLoadedEditorAssemblies (613ms)
				LogAssemblyErrors (0ms)
				InitializePlatformSupportModulesInManaged (58ms)
				SetLoadedEditorAssemblies (6ms)
				RefreshPlugins (0ms)
				BeforeProcessingInitializeOnLoad (133ms)
				ProcessInitializeOnLoadAttributes (357ms)
				ProcessInitializeOnLoadMethodAttributes (49ms)
				AfterProcessingInitializeOnLoad (10ms)
				EditorAssembliesLoaded (0ms)
			ExecutionOrderSort2 (0ms)
			AwakeInstancesAfterBackupRestoration (9ms)
Refreshing native plugins compatible for Editor in 13.20 ms, found 4 plugins.
Preloading 0 native plugins for Editor in 0.00 ms.
Unloading 4313 Unused Serialized files (Serialized files now loaded: 0)
Unloading 34 unused Assets / (1.2 MB). Loaded Objects now: 4811.
Memory consumption went from 0.65 GB to 0.65 GB.
Total: 7.652800 ms (FindLiveObjects: 0.510500 ms CreateObjectMapping: 1.188800 ms MarkObjects: 4.807400 ms  DeleteObjects: 1.144500 ms)

AssetImportParameters requested are different than current active one (requested -> active):
  custom:container-demuxer-ogg: 62fdf1f143b41e24485cea50d1cbac27 -> 
  custom:video-decoder-ogg-theora: a1e56fd34408186e4bbccfd4996cb3dc -> 
  custom:framework-win-MediaFoundation: 216162199b28c13a410421893ffa2e32 -> 
  custom:container-demuxer-webm: 4f35f7cbe854078d1ac9338744f61a02 -> 
  custom:container-muxer-webm: aa71ff27fc2769a1b78a27578f13a17b -> 
  custom:video-decoder-webm-vp8: 9c59270c3fd7afecdb556c50c9e8de78 -> 
  custom:SearchIndexIgnoredProperties: e643bd26f0fe6173181afceb89e7c659 -> 
  custom:AudioImporter_EditorPlatform: d09bf68614088b80899f8185d706f6e7 -> 
  custom:video-encoder-webm-vp8: eb34c28f22e8b96e1ab97ce403110664 -> 
  custom:audio-decoder-ogg-vorbis: bf7c407c2cedff20999df2af8eb42d56 -> 
  custom:audio-encoder-webm-vorbis: bf7c407c2cedff20999df2af8eb42d56 -> 
========================================================================
Received Prepare
Begin MonoManager ReloadAssembly
- Loaded All Assemblies, in  1.588 seconds
Refreshing native plugins compatible for Editor in 5.54 ms, found 4 plugins.
Native extension for WindowsStandalone target not found
Native extension for iOS target not found
Native extension for Android target not found
[Package Manager] Server::EnsureServerProcessIsRunning -- launch failed, reason: Unity was launched with the -noUpm command-line argument
[Package Manager] UpmClient::Send -- Unable to send message (not connected to UPM process).
[Package Manager] Cannot connect to Unity Package Manager local server
Mono: successfully reloaded assembly
[Package Manager] Server::EnsureServerProcessIsRunning -- launch failed, reason: Unity was launched with the -noUpm command-line argument
[Package Manager] UpmClient::Send -- Unable to send message (not connected to UPM process).
[Package Manager] Cannot connect to Unity Package Manager local server
- Finished resetting the current domain, in  1.054 seconds
Domain Reload Profiling:
	ReloadAssembly (320ms)
		BeginReloadAssembly (210ms)
			ExecutionOrderSort (0ms)
			DisableScriptedObjects (7ms)
			BackupInstance (0ms)
			ReleaseScriptingObjects (0ms)
			CreateAndSetChildDomain (67ms)
		LoadAllAssembliesAndSetupDomain (1260ms)
			LoadAssemblies (477ms)
			RebuildTransferFunctionScriptingTraits (0ms)
			SetupTypeCache (864ms)
				TypeCache.Initialize (477ms)
					TypeCache.ScanAssembly (467ms)
				ResolveRequiredComponents (8ms)
		FinalizeReload (0ms)
			ReleaseScriptCaches (0ms)
			RebuildScriptCaches (0ms)
			SetupLoadedEditorAssemblies (459ms)
				LogAssemblyErrors (0ms)
				InitializePlatformSupportModulesInManaged (37ms)
				SetLoadedEditorAssemblies (6ms)
				RefreshPlugins (0ms)
				BeforeProcessingInitializeOnLoad (91ms)
				ProcessInitializeOnLoadAttributes (281ms)
				ProcessInitializeOnLoadMethodAttributes (37ms)
				AfterProcessingInitializeOnLoad (8ms)
				EditorAssembliesLoaded (0ms)
			ExecutionOrderSort2 (0ms)
			AwakeInstancesAfterBackupRestoration (7ms)
Refreshing native plugins compatible for Editor in 6.02 ms, found 4 plugins.
Preloading 0 native plugins for Editor in 0.00 ms.
Unloading 4312 Unused Serialized files (Serialized files now loaded: 0)
Unloading 35 unused Assets / (1.2 MB). Loaded Objects now: 4816.
Memory consumption went from 0.65 GB to 0.65 GB.
Total: 5.257200 ms (FindLiveObjects: 0.558000 ms CreateObjectMapping: 0.705500 ms MarkObjects: 3.323800 ms  DeleteObjects: 0.668900 ms)

AssetImportParameters requested are different than current active one (requested -> active):
  custom:container-demuxer-ogg: 62fdf1f143b41e24485cea50d1cbac27 -> 
  custom:video-decoder-ogg-theora: a1e56fd34408186e4bbccfd4996cb3dc -> 
  custom:framework-win-MediaFoundation: 216162199b28c13a410421893ffa2e32 -> 
  custom:container-demuxer-webm: 4f35f7cbe854078d1ac9338744f61a02 -> 
  custom:container-muxer-webm: aa71ff27fc2769a1b78a27578f13a17b -> 
  custom:video-decoder-webm-vp8: 9c59270c3fd7afecdb556c50c9e8de78 -> 
  custom:SearchIndexIgnoredProperties: e643bd26f0fe6173181afceb89e7c659 -> 
  custom:AudioImporter_EditorPlatform: d09bf68614088b80899f8185d706f6e7 -> 
  custom:video-encoder-webm-vp8: eb34c28f22e8b96e1ab97ce403110664 -> 
  custom:audio-decoder-ogg-vorbis: bf7c407c2cedff20999df2af8eb42d56 -> 
  custom:audio-encoder-webm-vorbis: bf7c407c2cedff20999df2af8eb42d56 -> 
========================================================================
Received Import Request.
  Time since last request: 119.397570 seconds.
  path: Assets/XR
  artifactKey: Guid(fb44e81d562f3ab4f96cd30ace978480) Importer(815301076,1909f56bfc062723c751e8b465ee728b)
Number of updated assets reloaded before import = 0
Start importing Assets/XR using Guid(fb44e81d562f3ab4f96cd30ace978480) Importer(815301076,1909f56bfc062723c751e8b465ee728b)  -> (artifact id: '5a3b2ca0adc9ac285d5c42198d0879a9') in 0.002280 seconds 
Number of asset objects unloaded after import = 0
========================================================================
Received Import Request.
  Time since last request: 0.104393 seconds.
  path: Assets/XR/XRGeneralSettings.asset
  artifactKey: Guid(3bd137390329e5b4780d1830d86703f0) Importer(815301076,1909f56bfc062723c751e8b465ee728b)
Number of updated assets reloaded before import = 0
Start importing Assets/XR/XRGeneralSettings.asset using Guid(3bd137390329e5b4780d1830d86703f0) Importer(815301076,1909f56bfc062723c751e8b465ee728b)  -> (artifact id: '1b222d152151b8ed90aa8178a54aa5df') in 0.019535 seconds 
Number of asset objects unloaded after import = 9
========================================================================
Received Import Request.
  Time since last request: 2.845331 seconds.
  path: Assets/Scenes
  artifactKey: Guid(6ea315d0fd7389c41b19996891e99ae3) Importer(815301076,1909f56bfc062723c751e8b465ee728b)
Number of updated assets reloaded before import = 0
Start importing Assets/Scenes using Guid(6ea315d0fd7389c41b19996891e99ae3) Importer(815301076,1909f56bfc062723c751e8b465ee728b)  -> (artifact id: '81c328eaa686ea6ec9a8a9505cc07a90') in 0.001784 seconds 
Number of asset objects unloaded after import = 0
========================================================================
Received Import Request.
  Time since last request: 0.434597 seconds.
  path: Assets/EasyAR
  artifactKey: Guid(7d10707f92f7df7419b46e7532ccf267) Importer(815301076,1909f56bfc062723c751e8b465ee728b)
Number of updated assets reloaded before import = 0
Start importing Assets/EasyAR using Guid(7d10707f92f7df7419b46e7532ccf267) Importer(815301076,1909f56bfc062723c751e8b465ee728b)  -> (artifact id: '5ea6989acfa78799be30df9f47336bc3') in 0.001740 seconds 
Number of asset objects unloaded after import = 0
========================================================================
Received Import Request.
  Time since last request: 31.438372 seconds.
  path: Assets/EasyAR/Scenes
  artifactKey: Guid(47766e36ff5892e46b117fffbe8df267) Importer(815301076,1909f56bfc062723c751e8b465ee728b)
Number of updated assets reloaded before import = 0
Start importing Assets/EasyAR/Scenes using Guid(47766e36ff5892e46b117fffbe8df267) Importer(815301076,1909f56bfc062723c751e8b465ee728b)  -> (artifact id: 'ebd201c1c1b9ad6e2a57bf93e7a8d9b0') in 0.000567 seconds 
Number of asset objects unloaded after import = 0
========================================================================
Received Import Request.
  Time since last request: 0.967536 seconds.
  path: Assets/EasyAR/Scenes/ARMeasurement.unity
  artifactKey: Guid(56f83b5aef6b2c64e9875aa35fc4f332) Importer(815301076,1909f56bfc062723c751e8b465ee728b)
Number of updated assets reloaded before import = 0
Start importing Assets/EasyAR/Scenes/ARMeasurement.unity using Guid(56f83b5aef6b2c64e9875aa35fc4f332) Importer(815301076,1909f56bfc062723c751e8b465ee728b)  -> (artifact id: 'cbfb6183fef0a90d25a184764ec00f5c') in 0.001146 seconds 
Number of asset objects unloaded after import = 0
========================================================================
Received Import Request.
  Time since last request: 0.779587 seconds.
  path: Assets/EasyAR/Scenes/ARConfigurator.unity
  artifactKey: Guid(38d21acc7d8da4acd989f4a754957430) Importer(815301076,1909f56bfc062723c751e8b465ee728b)
Number of updated assets reloaded before import = 0
Start importing Assets/EasyAR/Scenes/ARConfigurator.unity using Guid(38d21acc7d8da4acd989f4a754957430) Importer(815301076,1909f56bfc062723c751e8b465ee728b)  -> (artifact id: '7696cf83864cfde164bd8316b3f22f4c') in 0.000705 seconds 
Number of asset objects unloaded after import = 0
========================================================================
Received Import Request.
  Time since last request: 0.859589 seconds.
  path: Assets/EasyAR/Scenes/ARTilling.unity
  artifactKey: Guid(d108ae2f0ff58784e99c64fd8451a854) Importer(815301076,1909f56bfc062723c751e8b465ee728b)
Number of updated assets reloaded before import = 0
Start importing Assets/EasyAR/Scenes/ARTilling.unity using Guid(d108ae2f0ff58784e99c64fd8451a854) Importer(815301076,1909f56bfc062723c751e8b465ee728b)  -> (artifact id: 'b695d8385684b7dd191a162456352e0b') in 0.001403 seconds 
Number of asset objects unloaded after import = 0
========================================================================
Received Import Request.
  Time since last request: 1.146133 seconds.
  path: Assets/EasyAR/Scenes/SingleObjectSelection.unity
  artifactKey: Guid(d030633f12d118b4ba16dc12520ffdc4) Importer(815301076,1909f56bfc062723c751e8b465ee728b)
Number of updated assets reloaded before import = 0
Start importing Assets/EasyAR/Scenes/SingleObjectSelection.unity using Guid(d030633f12d118b4ba16dc12520ffdc4) Importer(815301076,1909f56bfc062723c751e8b465ee728b)  -> (artifact id: '0e9d4c055cc38f0603d8f4c7a5623387') in 0.001166 seconds 
Number of asset objects unloaded after import = 0
========================================================================
Received Import Request.
  Time since last request: 43.810719 seconds.
  path: Assets/EasyAR/Scenes/Menu.unity
  artifactKey: Guid(2677a2a4c4d256244b34b452a8f098c0) Importer(815301076,1909f56bfc062723c751e8b465ee728b)
Number of updated assets reloaded before import = 0
Start importing Assets/EasyAR/Scenes/Menu.unity using Guid(2677a2a4c4d256244b34b452a8f098c0) Importer(815301076,1909f56bfc062723c751e8b465ee728b)  -> (artifact id: '3c5479c83f44628bf3eacbe2fd420dd7') in 0.000736 seconds 
Number of asset objects unloaded after import = 0
========================================================================
Received Import Request.
  Time since last request: 54.103019 seconds.
  path: Assets/EasyAR/Scenes/ARMultipleObjects.unity
  artifactKey: Guid(b6038f81d35d3a543b7841519aa8dd7b) Importer(815301076,1909f56bfc062723c751e8b465ee728b)
Number of updated assets reloaded before import = 0
Start importing Assets/EasyAR/Scenes/ARMultipleObjects.unity using Guid(b6038f81d35d3a543b7841519aa8dd7b) Importer(815301076,1909f56bfc062723c751e8b465ee728b)  -> (artifact id: '70945c14c7523249b5082471fbac80d7') in 0.001319 seconds 
Number of asset objects unloaded after import = 0
========================================================================
Received Import Request.
  Time since last request: 9.578771 seconds.
  path: Assets/EasyAR/Scenes/ARSingleObject.unity
  artifactKey: Guid(a474d5dd175cd2d47a1d16d09bf17a56) Importer(815301076,1909f56bfc062723c751e8b465ee728b)
Number of updated assets reloaded before import = 0
Start importing Assets/EasyAR/Scenes/ARSingleObject.unity using Guid(a474d5dd175cd2d47a1d16d09bf17a56) Importer(815301076,1909f56bfc062723c751e8b465ee728b)  -> (artifact id: 'd00507e3732b5b18e81fba2b636895f0') in 0.000716 seconds 
Number of asset objects unloaded after import = 0
========================================================================
Received Prepare
Refreshing native plugins compatible for Editor in 5.54 ms, found 4 plugins.
Preloading 0 native plugins for Editor in 0.00 ms.
Unloading 10 Unused Serialized files (Serialized files now loaded: 0)
Unloading 14 unused Assets / (1.3 MB). Loaded Objects now: 4814.
Memory consumption went from 77.1 MB to 75.8 MB.
Total: 5.441800 ms (FindLiveObjects: 0.406700 ms CreateObjectMapping: 0.379500 ms MarkObjects: 3.838200 ms  DeleteObjects: 0.816500 ms)

AssetImportParameters requested are different than current active one (requested -> active):
  custom:container-demuxer-ogg: 62fdf1f143b41e24485cea50d1cbac27 -> 
  custom:video-decoder-ogg-theora: a1e56fd34408186e4bbccfd4996cb3dc -> 
  custom:framework-win-MediaFoundation: 216162199b28c13a410421893ffa2e32 -> 
  custom:container-demuxer-webm: 4f35f7cbe854078d1ac9338744f61a02 -> 
  custom:container-muxer-webm: aa71ff27fc2769a1b78a27578f13a17b -> 
  custom:video-decoder-webm-vp8: 9c59270c3fd7afecdb556c50c9e8de78 -> 
  custom:SearchIndexIgnoredProperties: e643bd26f0fe6173181afceb89e7c659 -> 
  custom:AudioImporter_EditorPlatform: d09bf68614088b80899f8185d706f6e7 -> 
  custom:video-encoder-webm-vp8: eb34c28f22e8b96e1ab97ce403110664 -> 
  custom:audio-decoder-ogg-vorbis: bf7c407c2cedff20999df2af8eb42d56 -> 
  custom:audio-encoder-webm-vorbis: bf7c407c2cedff20999df2af8eb42d56 -> 
========================================================================
Received Prepare
Refreshing native plugins compatible for Editor in 6.36 ms, found 4 plugins.
Preloading 0 native plugins for Editor in 0.00 ms.
Unloading 11 Unused Serialized files (Serialized files now loaded: 0)
Unloading 11 unused Assets / (1.2 MB). Loaded Objects now: 4814.
Memory consumption went from 77.3 MB to 76.1 MB.
Total: 4.336400 ms (FindLiveObjects: 0.325200 ms CreateObjectMapping: 0.505700 ms MarkObjects: 2.912600 ms  DeleteObjects: 0.592000 ms)

AssetImportParameters requested are different than current active one (requested -> active):
  custom:container-demuxer-ogg: 62fdf1f143b41e24485cea50d1cbac27 -> 
  custom:video-decoder-ogg-theora: a1e56fd34408186e4bbccfd4996cb3dc -> 
  custom:framework-win-MediaFoundation: 216162199b28c13a410421893ffa2e32 -> 
  custom:container-demuxer-webm: 4f35f7cbe854078d1ac9338744f61a02 -> 
  custom:container-muxer-webm: aa71ff27fc2769a1b78a27578f13a17b -> 
  custom:video-decoder-webm-vp8: 9c59270c3fd7afecdb556c50c9e8de78 -> 
  custom:SearchIndexIgnoredProperties: e643bd26f0fe6173181afceb89e7c659 -> 
  custom:AudioImporter_EditorPlatform: d09bf68614088b80899f8185d706f6e7 -> 
  custom:video-encoder-webm-vp8: eb34c28f22e8b96e1ab97ce403110664 -> 
  custom:audio-decoder-ogg-vorbis: bf7c407c2cedff20999df2af8eb42d56 -> 
  custom:audio-encoder-webm-vorbis: bf7c407c2cedff20999df2af8eb42d56 -> 
========================================================================
Received Prepare
Refreshing native plugins compatible for Editor in 16.91 ms, found 4 plugins.
Preloading 0 native plugins for Editor in 0.00 ms.
Unloading 11 Unused Serialized files (Serialized files now loaded: 0)
Unloading 11 unused Assets / (1.3 MB). Loaded Objects now: 4814.
Memory consumption went from 76.8 MB to 75.5 MB.
Total: 14.003100 ms (FindLiveObjects: 1.453900 ms CreateObjectMapping: 1.487600 ms MarkObjects: 8.778600 ms  DeleteObjects: 2.278300 ms)

AssetImportParameters requested are different than current active one (requested -> active):
  graphicsApiMask: 2048 -> 2099200
  custom:container-demuxer-ogg: 62fdf1f143b41e24485cea50d1cbac27 -> 
  custom:video-decoder-ogg-theora: a1e56fd34408186e4bbccfd4996cb3dc -> 
  custom:framework-win-MediaFoundation: 216162199b28c13a410421893ffa2e32 -> 
  custom:container-demuxer-webm: 4f35f7cbe854078d1ac9338744f61a02 -> 
  custom:container-muxer-webm: aa71ff27fc2769a1b78a27578f13a17b -> 
  custom:video-decoder-webm-vp8: 9c59270c3fd7afecdb556c50c9e8de78 -> 
  custom:SearchIndexIgnoredProperties: e643bd26f0fe6173181afceb89e7c659 -> 
  custom:AudioImporter_EditorPlatform: d09bf68614088b80899f8185d706f6e7 -> 
  custom:video-encoder-webm-vp8: eb34c28f22e8b96e1ab97ce403110664 -> 
  custom:audio-decoder-ogg-vorbis: bf7c407c2cedff20999df2af8eb42d56 -> 
  custom:audio-encoder-webm-vorbis: bf7c407c2cedff20999df2af8eb42d56 -> 
========================================================================
Received Prepare
Refreshing native plugins compatible for Editor in 7.92 ms, found 4 plugins.
Preloading 0 native plugins for Editor in 0.00 ms.
Unloading 11 Unused Serialized files (Serialized files now loaded: 0)
Unloading 11 unused Assets / (1.2 MB). Loaded Objects now: 4814.
Memory consumption went from 76.8 MB to 75.5 MB.
Total: 5.441000 ms (FindLiveObjects: 0.409100 ms CreateObjectMapping: 0.472000 ms MarkObjects: 3.741700 ms  DeleteObjects: 0.816600 ms)

AssetImportParameters requested are different than current active one (requested -> active):
  graphicsApiMask: 2048 -> 2099200
  custom:container-demuxer-ogg: 62fdf1f143b41e24485cea50d1cbac27 -> 
  custom:video-decoder-ogg-theora: a1e56fd34408186e4bbccfd4996cb3dc -> 
  custom:framework-win-MediaFoundation: 216162199b28c13a410421893ffa2e32 -> 
  custom:container-demuxer-webm: 4f35f7cbe854078d1ac9338744f61a02 -> 
  custom:container-muxer-webm: aa71ff27fc2769a1b78a27578f13a17b -> 
  custom:video-decoder-webm-vp8: 9c59270c3fd7afecdb556c50c9e8de78 -> 
  custom:SearchIndexIgnoredProperties: e643bd26f0fe6173181afceb89e7c659 -> 
  custom:AudioImporter_EditorPlatform: d09bf68614088b80899f8185d706f6e7 -> 
  custom:video-encoder-webm-vp8: eb34c28f22e8b96e1ab97ce403110664 -> 
  custom:audio-decoder-ogg-vorbis: bf7c407c2cedff20999df2af8eb42d56 -> 
  custom:audio-encoder-webm-vorbis: bf7c407c2cedff20999df2af8eb42d56 -> 
========================================================================
Received Prepare
Begin MonoManager ReloadAssembly
- Loaded All Assemblies, in  1.301 seconds
Refreshing native plugins compatible for Editor in 5.88 ms, found 4 plugins.
Native extension for WindowsStandalone target not found
Native extension for iOS target not found
Native extension for Android target not found
[Package Manager] Server::EnsureServerProcessIsRunning -- launch failed, reason: Unity was launched with the -noUpm command-line argument
[Package Manager] UpmClient::Send -- Unable to send message (not connected to UPM process).
[Package Manager] Cannot connect to Unity Package Manager local server
Mono: successfully reloaded assembly
[Package Manager] Server::EnsureServerProcessIsRunning -- launch failed, reason: Unity was launched with the -noUpm command-line argument
[Package Manager] UpmClient::Send -- Unable to send message (not connected to UPM process).
[Package Manager] Cannot connect to Unity Package Manager local server
- Finished resetting the current domain, in  1.018 seconds
Domain Reload Profiling:
	ReloadAssembly (242ms)
		BeginReloadAssembly (156ms)
			ExecutionOrderSort (0ms)
			DisableScriptedObjects (5ms)
			BackupInstance (0ms)
			ReleaseScriptingObjects (0ms)
			CreateAndSetChildDomain (46ms)
		LoadAllAssembliesAndSetupDomain (1055ms)
			LoadAssemblies (337ms)
			RebuildTransferFunctionScriptingTraits (0ms)
			SetupTypeCache (776ms)
				TypeCache.Initialize (453ms)
					TypeCache.ScanAssembly (441ms)
				ResolveRequiredComponents (7ms)
		FinalizeReload (0ms)
			ReleaseScriptCaches (0ms)
			RebuildScriptCaches (0ms)
			SetupLoadedEditorAssemblies (487ms)
				LogAssemblyErrors (0ms)
				InitializePlatformSupportModulesInManaged (32ms)
				SetLoadedEditorAssemblies (3ms)
				RefreshPlugins (0ms)
				BeforeProcessingInitializeOnLoad (89ms)
				ProcessInitializeOnLoadAttributes (293ms)
				ProcessInitializeOnLoadMethodAttributes (61ms)
				AfterProcessingInitializeOnLoad (8ms)
				EditorAssembliesLoaded (0ms)
			ExecutionOrderSort2 (0ms)
			AwakeInstancesAfterBackupRestoration (6ms)
Refreshing native plugins compatible for Editor in 5.93 ms, found 4 plugins.
Preloading 0 native plugins for Editor in 0.00 ms.
Unloading 4313 Unused Serialized files (Serialized files now loaded: 0)
Unloading 38 unused Assets / (1.3 MB). Loaded Objects now: 4823.
Memory consumption went from 0.65 GB to 0.65 GB.
Total: 4.987500 ms (FindLiveObjects: 0.409200 ms CreateObjectMapping: 0.395900 ms MarkObjects: 3.256600 ms  DeleteObjects: 0.923800 ms)

AssetImportParameters requested are different than current active one (requested -> active):
  graphicsApiMask: 2048 -> 2099200
  custom:container-demuxer-ogg: 62fdf1f143b41e24485cea50d1cbac27 -> 
  custom:video-decoder-ogg-theora: a1e56fd34408186e4bbccfd4996cb3dc -> 
  custom:framework-win-MediaFoundation: 216162199b28c13a410421893ffa2e32 -> 
  custom:container-demuxer-webm: 4f35f7cbe854078d1ac9338744f61a02 -> 
  custom:container-muxer-webm: aa71ff27fc2769a1b78a27578f13a17b -> 
  custom:video-decoder-webm-vp8: 9c59270c3fd7afecdb556c50c9e8de78 -> 
  custom:SearchIndexIgnoredProperties: e643bd26f0fe6173181afceb89e7c659 -> 
  custom:AudioImporter_EditorPlatform: d09bf68614088b80899f8185d706f6e7 -> 
  custom:video-encoder-webm-vp8: eb34c28f22e8b96e1ab97ce403110664 -> 
  custom:audio-decoder-ogg-vorbis: bf7c407c2cedff20999df2af8eb42d56 -> 
  custom:audio-encoder-webm-vorbis: bf7c407c2cedff20999df2af8eb42d56 -> 
========================================================================
Received Prepare
Refreshing native plugins compatible for Editor in 30.03 ms, found 4 plugins.
Preloading 0 native plugins for Editor in 0.00 ms.
Unloading 11 Unused Serialized files (Serialized files now loaded: 0)
Unloading 9 unused Assets / (1.2 MB). Loaded Objects now: 4825.
Memory consumption went from 77.2 MB to 76.1 MB.
Total: 14.626000 ms (FindLiveObjects: 1.396400 ms CreateObjectMapping: 1.196400 ms MarkObjects: 10.246400 ms  DeleteObjects: 1.784600 ms)

AssetImportParameters requested are different than current active one (requested -> active):
  custom:container-demuxer-ogg: 62fdf1f143b41e24485cea50d1cbac27 -> 
  custom:video-decoder-ogg-theora: a1e56fd34408186e4bbccfd4996cb3dc -> 
  custom:framework-win-MediaFoundation: 216162199b28c13a410421893ffa2e32 -> 
  custom:container-demuxer-webm: 4f35f7cbe854078d1ac9338744f61a02 -> 
  custom:container-muxer-webm: aa71ff27fc2769a1b78a27578f13a17b -> 
  custom:video-decoder-webm-vp8: 9c59270c3fd7afecdb556c50c9e8de78 -> 
  custom:SearchIndexIgnoredProperties: e643bd26f0fe6173181afceb89e7c659 -> 
  custom:AudioImporter_EditorPlatform: d09bf68614088b80899f8185d706f6e7 -> 
  custom:video-encoder-webm-vp8: eb34c28f22e8b96e1ab97ce403110664 -> 
  custom:audio-decoder-ogg-vorbis: bf7c407c2cedff20999df2af8eb42d56 -> 
  custom:audio-encoder-webm-vorbis: bf7c407c2cedff20999df2af8eb42d56 -> 
========================================================================
Received Import Request.
  Time since last request: 1478.057405 seconds.
  path: Assets/EasyAR/Scripts/Common/PlaceOnPlane.cs
  artifactKey: Guid(c202fc8c32fd2c742a31cc5f0f1639b8) Importer(815301076,1909f56bfc062723c751e8b465ee728b)
Number of updated assets reloaded before import = 0
Start importing Assets/EasyAR/Scripts/Common/PlaceOnPlane.cs using Guid(c202fc8c32fd2c742a31cc5f0f1639b8) Importer(815301076,1909f56bfc062723c751e8b465ee728b)  -> (artifact id: '46cb33c6e3ae64d00aed471beb4acf8c') in 0.002546 seconds 
Number of asset objects unloaded after import = 0
